# JRE version: OpenJDK Runtime Environment (8.0_152-b02) (build 1.8.0_152-release-1024-b02)
# Java VM: OpenJDK 64-Bit Server VM (25.152-b02 mixed mode windows-amd64 compressed oops)
Heap:
 PSYoungGen      total 436736K, used 18270K [0x00000000e0000000, 0x00000000ffe00000, 0x0000000100000000)
  eden space 353280K, 2% used [0x00000000e0000000,0x00000000e09fb3c8,0x00000000f5900000)
  from space 83456K, 9% used [0x00000000fac80000,0x00000000fb45c6a0,0x00000000ffe00000)
  to   space 84480K, 0% used [0x00000000f5900000,0x00000000f5900000,0x00000000fab80000)
 ParOldGen       total 276480K, used 217263K [0x00000000a0000000, 0x00000000b0e00000, 0x00000000e0000000)
  object space 276480K, 78% used [0x00000000a0000000,0x00000000ad42bc88,0x00000000b0e00000)
 Metaspace       used 83871K, capacity 87850K, committed 87936K, reserved 1126400K
  class space    used 10318K, capacity 11073K, committed 11136K, reserved 1048576K
GC Heap History (10 events):
Event: 1129.137 GC heap before
{Heap before GC invocations=50 (full 4):
 PSYoungGen      total 415744K, used 362534K [0x00000000e0000000, 0x00000000ffb00000, 0x0000000100000000)
  eden space 320512K, 100% used [0x00000000e0000000,0x00000000f3900000,0x00000000f3900000)
  from space 95232K, 44% used [0x00000000f3900000,0x00000000f6209920,0x00000000f9600000)
  to   space 90112K, 0% used [0x00000000fa300000,0x00000000fa300000,0x00000000ffb00000)
 ParOldGen       total 276480K, used 157705K [0x00000000a0000000, 0x00000000b0e00000, 0x00000000e0000000)
  object space 276480K, 57% used [0x00000000a0000000,0x00000000a9a02618,0x00000000b0e00000)
 Metaspace       used 81778K, capacity 84928K, committed 85376K, reserved 1124352K
  class space    used 10135K, capacity 10786K, committed 10880K, reserved 1048576K
Event: 1129.198 GC heap after
Heap after GC invocations=50 (full 4):
 PSYoungGen      total 419840K, used 40189K [0x00000000e0000000, 0x00000000ff200000, 0x0000000100000000)
  eden space 338944K, 0% used [0x00000000e0000000,0x00000000e0000000,0x00000000f4b00000)
  from space 80896K, 49% used [0x00000000fa300000,0x00000000fca3f498,0x00000000ff200000)
  to   space 85504K, 0% used [0x00000000f4b00000,0x00000000f4b00000,0x00000000f9e80000)
 ParOldGen       total 276480K, used 183777K [0x00000000a0000000, 0x00000000b0e00000, 0x00000000e0000000)
  object space 276480K, 66% used [0x00000000a0000000,0x00000000ab3786c8,0x00000000b0e00000)
 Metaspace       used 81778K, capacity 84928K, committed 85376K, reserved 1124352K
  class space    used 10135K, capacity 10786K, committed 10880K, reserved 1048576K
}
Event: 1129.634 GC heap before
{Heap before GC invocations=51 (full 4):
 PSYoungGen      total 419840K, used 379133K [0x00000000e0000000, 0x00000000ff200000, 0x0000000100000000)
  eden space 338944K, 100% used [0x00000000e0000000,0x00000000f4b00000,0x00000000f4b00000)
  from space 80896K, 49% used [0x00000000fa300000,0x00000000fca3f498,0x00000000ff200000)
  to   space 85504K, 0% used [0x00000000f4b00000,0x00000000f4b00000,0x00000000f9e80000)
 ParOldGen       total 276480K, used 183787K [0x00000000a0000000, 0x00000000b0e00000, 0x00000000e0000000)
  object space 276480K, 66% used [0x00000000a0000000,0x00000000ab37ad20,0x00000000b0e00000)
 Metaspace       used 81784K, capacity 84928K, committed 85376K, reserved 1124352K
  class space    used 10135K, capacity 10786K, committed 10880K, reserved 1048576K
Event: 1129.681 GC heap after
Heap after GC invocations=51 (full 4):
 PSYoungGen      total 424448K, used 20749K [0x00000000e0000000, 0x0000000100000000, 0x0000000100000000)
  eden space 338944K, 0% used [0x00000000e0000000,0x00000000e0000000,0x00000000f4b00000)
  from space 85504K, 24% used [0x00000000f4b00000,0x00000000f5f43408,0x00000000f9e80000)
  to   space 84480K, 0% used [0x00000000fad80000,0x00000000fad80000,0x0000000100000000)
 ParOldGen       total 276480K, used 208106K [0x00000000a0000000, 0x00000000b0e00000, 0x00000000e0000000)
  object space 276480K, 75% used [0x00000000a0000000,0x00000000acb3a8a8,0x00000000b0e00000)
 Metaspace       used 81784K, capacity 84928K, committed 85376K, reserved 1124352K
  class space    used 10135K, capacity 10786K, committed 10880K, reserved 1048576K
}
Event: 1130.539 GC heap before
{Heap before GC invocations=52 (full 4):
 PSYoungGen      total 424448K, used 358670K [0x00000000e0000000, 0x0000000100000000, 0x0000000100000000)
  eden space 338944K, 99% used [0x00000000e0000000,0x00000000f4a00428,0x00000000f4b00000)
  from space 85504K, 24% used [0x00000000f4b00000,0x00000000f5f43408,0x00000000f9e80000)
  to   space 84480K, 0% used [0x00000000fad80000,0x00000000fad80000,0x0000000100000000)
 ParOldGen       total 276480K, used 208106K [0x00000000a0000000, 0x00000000b0e00000, 0x00000000e0000000)
  object space 276480K, 75% used [0x00000000a0000000,0x00000000acb3a8a8,0x00000000b0e00000)
 Metaspace       used 82363K, capacity 85594K, committed 86016K, reserved 1124352K
  class space    used 10189K, capacity 10855K, committed 11008K, reserved 1048576K
Event: 1130.552 GC heap after
Heap after GC invocations=52 (full 4):
 PSYoungGen      total 437760K, used 6985K [0x00000000e0000000, 0x0000000100000000, 0x0000000100000000)
  eden space 353280K, 0% used [0x00000000e0000000,0x00000000e0000000,0x00000000f5900000)
  from space 84480K, 8% used [0x00000000fad80000,0x00000000fb452780,0x0000000100000000)
  to   space 85504K, 0% used [0x00000000f5900000,0x00000000f5900000,0x00000000fac80000)
 ParOldGen       total 276480K, used 216199K [0x00000000a0000000, 0x00000000b0e00000, 0x00000000e0000000)
  object space 276480K, 78% used [0x00000000a0000000,0x00000000ad321f58,0x00000000b0e00000)
 Metaspace       used 82363K, capacity 85594K, committed 86016K, reserved 1124352K
  class space    used 10189K, capacity 10855K, committed 11008K, reserved 1048576K
}
Event: 2496.289 GC heap before
{Heap before GC invocations=53 (full 4):
 PSYoungGen      total 437760K, used 360265K [0x00000000e0000000, 0x0000000100000000, 0x0000000100000000)
  eden space 353280K, 100% used [0x00000000e0000000,0x00000000f5900000,0x00000000f5900000)
  from space 84480K, 8% used [0x00000000fad80000,0x00000000fb452780,0x0000000100000000)
  to   space 85504K, 0% used [0x00000000f5900000,0x00000000f5900000,0x00000000fac80000)
 ParOldGen       total 276480K, used 216199K [0x00000000a0000000, 0x00000000b0e00000, 0x00000000e0000000)
  object space 276480K, 78% used [0x00000000a0000000,0x00000000ad321f58,0x00000000b0e00000)
 Metaspace       used 82975K, capacity 86340K, committed 86528K, reserved 1124352K
  class space    used 10235K, capacity 10924K, committed 11008K, reserved 1048576K
Event: 2496.297 GC heap after
Heap after GC invocations=53 (full 4):
 PSYoungGen      total 438784K, used 7008K [0x00000000e0000000, 0x0000000100000000, 0x0000000100000000)
  eden space 353280K, 0% used [0x00000000e0000000,0x00000000e0000000,0x00000000f5900000)
  from space 85504K, 8% used [0x00000000f5900000,0x00000000f5fd8020,0x00000000fac80000)
  to   space 85504K, 0% used [0x00000000fac80000,0x00000000fac80000,0x0000000100000000)
 ParOldGen       total 276480K, used 216847K [0x00000000a0000000, 0x00000000b0e00000, 0x00000000e0000000)
  object space 276480K, 78% used [0x00000000a0000000,0x00000000ad3c3c58,0x00000000b0e00000)
 Metaspace       used 82975K, capacity 86340K, committed 86528K, reserved 1124352K
  class space    used 10235K, capacity 10924K, committed 11008K, reserved 1048576K
}
Event: 3145.346 GC heap before
{Heap before GC invocations=54 (full 4):
 PSYoungGen      total 438784K, used 360288K [0x00000000e0000000, 0x0000000100000000, 0x0000000100000000)
  eden space 353280K, 100% used [0x00000000e0000000,0x00000000f5900000,0x00000000f5900000)
  from space 85504K, 8% used [0x00000000f5900000,0x00000000f5fd8020,0x00000000fac80000)
  to   space 85504K, 0% used [0x00000000fac80000,0x00000000fac80000,0x0000000100000000)
 ParOldGen       total 276480K, used 216847K [0x00000000a0000000, 0x00000000b0e00000, 0x00000000e0000000)
  object space 276480K, 78% used [0x00000000a0000000,0x00000000ad3c3c58,0x00000000b0e00000)
 Metaspace       used 83829K, capacity 87782K, committed 87936K, reserved 1126400K
  class space    used 10316K, capacity 11071K, committed 11136K, reserved 1048576K
Event: 3145.354 GC heap after
Heap after GC invocations=54 (full 4):
 PSYoungGen      total 436736K, used 8049K [0x00000000e0000000, 0x00000000ffe00000, 0x0000000100000000)
  eden space 353280K, 0% used [0x00000000e0000000,0x00000000e0000000,0x00000000f5900000)
  from space 83456K, 9% used [0x00000000fac80000,0x00000000fb45c6a0,0x00000000ffe00000)
  to   space 84480K, 0% used [0x00000000f5900000,0x00000000f5900000,0x00000000fab80000)
 ParOldGen       total 276480K, used 217263K [0x00000000a0000000, 0x00000000b0e00000, 0x00000000e0000000)
  object space 276480K, 78% used [0x00000000a0000000,0x00000000ad42bc88,0x00000000b0e00000)
 Metaspace       used 83829K, capacity 87782K, committed 87936K, reserved 1126400K
  class space    used 10316K, capacity 11071K, committed 11136K, reserved 1048576K
}

